<?xml version="1.0" encoding="UTF-8"?>
<testng-results ignored="0" total="1" passed="1" failed="0" skipped="0">
  <reporter-output>
  </reporter-output>
  <suite started-at="2024-03-28T11:56:21 IST" name="Default suite" finished-at="2024-03-28T11:56:36 IST" duration-ms="14561">
    <groups>
    </groups>
    <test started-at="2024-03-28T11:56:21 IST" name="Default test" finished-at="2024-03-28T11:56:36 IST" duration-ms="14561">
      <class name="com.project.practice.Demo">
        <test-method signature="login()[pri:0, instance:com.project.practice.Demo@f0da945]" started-at="2024-03-28T11:56:21 IST" name="login" finished-at="2024-03-28T11:56:36 IST" duration-ms="14517" status="PASS">
          <reporter-output>
          </reporter-output>
        </test-method> <!-- login -->
      </class> <!-- com.project.practice.Demo -->
    </test> <!-- Default test -->
  </suite> <!-- Default suite -->
</testng-results>
